INFO  | 2022-09-30 22:47:08 | [main] deckofcards.App (App.java:10) - Welcome to Deck of Cards Program!
INFO  | 2022-09-30 22:47:08 | [main] deckofcards.DeckOfCards (DeckOfCards.java:16) - Cards inside the deck are as follows
INFO  | 2022-09-30 22:47:08 | [main] deckofcards.DeckOfCards (DeckOfCards.java:19) - 2CLUBS
INFO  | 2022-09-30 22:47:08 | [main] deckofcards.DeckOfCards (DeckOfCards.java:19) - 3CLUBS
INFO  | 2022-09-30 22:47:08 | [main] deckofcards.DeckOfCards (DeckOfCards.java:19) - 4CLUBS
INFO  | 2022-09-30 22:47:08 | [main] deckofcards.DeckOfCards (DeckOfCards.java:19) - 5CLUBS
INFO  | 2022-09-30 22:47:08 | [main] deckofcards.DeckOfCards (DeckOfCards.java:19) - 6CLUBS
INFO  | 2022-09-30 22:47:08 | [main] deckofcards.DeckOfCards (DeckOfCards.java:19) - 7CLUBS
INFO  | 2022-09-30 22:47:08 | [main] deckofcards.DeckOfCards (DeckOfCards.java:19) - 8CLUBS
INFO  | 2022-09-30 22:47:08 | [main] deckofcards.DeckOfCards (DeckOfCards.java:19) - 9CLUBS
INFO  | 2022-09-30 22:47:08 | [main] deckofcards.DeckOfCards (DeckOfCards.java:19) - 10CLUBS
INFO  | 2022-09-30 22:47:08 | [main] deckofcards.DeckOfCards (DeckOfCards.java:19) - JackCLUBS
INFO  | 2022-09-30 22:47:08 | [main] deckofcards.DeckOfCards (DeckOfCards.java:19) - QueenCLUBS
INFO  | 2022-09-30 22:47:08 | [main] deckofcards.DeckOfCards (DeckOfCards.java:19) - KingCLUBS
INFO  | 2022-09-30 22:47:08 | [main] deckofcards.DeckOfCards (DeckOfCards.java:19) - AceCLUBS
INFO  | 2022-09-30 22:47:08 | [main] deckofcards.DeckOfCards (DeckOfCards.java:19) - 2DIAMOND
INFO  | 2022-09-30 22:47:08 | [main] deckofcards.DeckOfCards (DeckOfCards.java:19) - 3DIAMOND
INFO  | 2022-09-30 22:47:08 | [main] deckofcards.DeckOfCards (DeckOfCards.java:19) - 4DIAMOND
INFO  | 2022-09-30 22:47:08 | [main] deckofcards.DeckOfCards (DeckOfCards.java:19) - 5DIAMOND
INFO  | 2022-09-30 22:47:08 | [main] deckofcards.DeckOfCards (DeckOfCards.java:19) - 6DIAMOND
INFO  | 2022-09-30 22:47:08 | [main] deckofcards.DeckOfCards (DeckOfCards.java:19) - 7DIAMOND
INFO  | 2022-09-30 22:47:08 | [main] deckofcards.DeckOfCards (DeckOfCards.java:19) - 8DIAMOND
INFO  | 2022-09-30 22:47:08 | [main] deckofcards.DeckOfCards (DeckOfCards.java:19) - 9DIAMOND
INFO  | 2022-09-30 22:47:08 | [main] deckofcards.DeckOfCards (DeckOfCards.java:19) - 10DIAMOND
INFO  | 2022-09-30 22:47:08 | [main] deckofcards.DeckOfCards (DeckOfCards.java:19) - JackDIAMOND
INFO  | 2022-09-30 22:47:08 | [main] deckofcards.DeckOfCards (DeckOfCards.java:19) - QueenDIAMOND
INFO  | 2022-09-30 22:47:08 | [main] deckofcards.DeckOfCards (DeckOfCards.java:19) - KingDIAMOND
INFO  | 2022-09-30 22:47:08 | [main] deckofcards.DeckOfCards (DeckOfCards.java:19) - AceDIAMOND
INFO  | 2022-09-30 22:47:08 | [main] deckofcards.DeckOfCards (DeckOfCards.java:19) - 2HEARTS
INFO  | 2022-09-30 22:47:08 | [main] deckofcards.DeckOfCards (DeckOfCards.java:19) - 3HEARTS
INFO  | 2022-09-30 22:47:08 | [main] deckofcards.DeckOfCards (DeckOfCards.java:19) - 4HEARTS
INFO  | 2022-09-30 22:47:08 | [main] deckofcards.DeckOfCards (DeckOfCards.java:19) - 5HEARTS
INFO  | 2022-09-30 22:47:08 | [main] deckofcards.DeckOfCards (DeckOfCards.java:19) - 6HEARTS
INFO  | 2022-09-30 22:47:08 | [main] deckofcards.DeckOfCards (DeckOfCards.java:19) - 7HEARTS
INFO  | 2022-09-30 22:47:08 | [main] deckofcards.DeckOfCards (DeckOfCards.java:19) - 8HEARTS
INFO  | 2022-09-30 22:47:08 | [main] deckofcards.DeckOfCards (DeckOfCards.java:19) - 9HEARTS
INFO  | 2022-09-30 22:47:08 | [main] deckofcards.DeckOfCards (DeckOfCards.java:19) - 10HEARTS
INFO  | 2022-09-30 22:47:08 | [main] deckofcards.DeckOfCards (DeckOfCards.java:19) - JackHEARTS
INFO  | 2022-09-30 22:47:08 | [main] deckofcards.DeckOfCards (DeckOfCards.java:19) - QueenHEARTS
INFO  | 2022-09-30 22:47:08 | [main] deckofcards.DeckOfCards (DeckOfCards.java:19) - KingHEARTS
INFO  | 2022-09-30 22:47:08 | [main] deckofcards.DeckOfCards (DeckOfCards.java:19) - AceHEARTS
INFO  | 2022-09-30 22:47:08 | [main] deckofcards.DeckOfCards (DeckOfCards.java:19) - 2SPADES
INFO  | 2022-09-30 22:47:08 | [main] deckofcards.DeckOfCards (DeckOfCards.java:19) - 3SPADES
INFO  | 2022-09-30 22:47:08 | [main] deckofcards.DeckOfCards (DeckOfCards.java:19) - 4SPADES
INFO  | 2022-09-30 22:47:08 | [main] deckofcards.DeckOfCards (DeckOfCards.java:19) - 5SPADES
INFO  | 2022-09-30 22:47:08 | [main] deckofcards.DeckOfCards (DeckOfCards.java:19) - 6SPADES
INFO  | 2022-09-30 22:47:08 | [main] deckofcards.DeckOfCards (DeckOfCards.java:19) - 7SPADES
INFO  | 2022-09-30 22:47:08 | [main] deckofcards.DeckOfCards (DeckOfCards.java:19) - 8SPADES
INFO  | 2022-09-30 22:47:08 | [main] deckofcards.DeckOfCards (DeckOfCards.java:19) - 9SPADES
INFO  | 2022-09-30 22:47:08 | [main] deckofcards.DeckOfCards (DeckOfCards.java:19) - 10SPADES
INFO  | 2022-09-30 22:47:08 | [main] deckofcards.DeckOfCards (DeckOfCards.java:19) - JackSPADES
INFO  | 2022-09-30 22:47:08 | [main] deckofcards.DeckOfCards (DeckOfCards.java:19) - QueenSPADES
INFO  | 2022-09-30 22:47:08 | [main] deckofcards.DeckOfCards (DeckOfCards.java:19) - KingSPADES
INFO  | 2022-09-30 22:47:08 | [main] deckofcards.DeckOfCards (DeckOfCards.java:19) - AceSPADES
INFO  | 2022-09-30 22:47:08 | [main] deckofcards.Queue (Queue.java:61) - Player cards are as follows:
INFO  | 2022-09-30 22:47:08 | [main] deckofcards.Queue (Queue.java:67) - 4CLUBS
INFO  | 2022-09-30 22:47:08 | [main] deckofcards.Queue (Queue.java:67) - 9DIAMOND
INFO  | 2022-09-30 22:47:08 | [main] deckofcards.Queue (Queue.java:67) - 2SPADES
INFO  | 2022-09-30 22:47:08 | [main] deckofcards.Queue (Queue.java:67) - 5SPADES
INFO  | 2022-09-30 22:47:08 | [main] deckofcards.Queue (Queue.java:67) - 6SPADES
INFO  | 2022-09-30 22:47:08 | [main] deckofcards.Queue (Queue.java:67) - QueenDIAMOND
INFO  | 2022-09-30 22:47:08 | [main] deckofcards.Queue (Queue.java:67) - 2HEARTS
INFO  | 2022-09-30 22:47:08 | [main] deckofcards.Queue (Queue.java:67) - JackDIAMOND
INFO  | 2022-09-30 22:47:08 | [main] deckofcards.Queue (Queue.java:67) - 6CLUBS
INFO  | 2022-09-30 22:47:08 | [main] deckofcards.Queue (Queue.java:61) - Player cards are as follows:
INFO  | 2022-09-30 22:47:08 | [main] deckofcards.Queue (Queue.java:67) - AceDIAMOND
INFO  | 2022-09-30 22:47:08 | [main] deckofcards.Queue (Queue.java:67) - KingSPADES
INFO  | 2022-09-30 22:47:08 | [main] deckofcards.Queue (Queue.java:67) - 7HEARTS
INFO  | 2022-09-30 22:47:08 | [main] deckofcards.Queue (Queue.java:67) - 5DIAMOND
INFO  | 2022-09-30 22:47:08 | [main] deckofcards.Queue (Queue.java:67) - 7SPADES
INFO  | 2022-09-30 22:47:08 | [main] deckofcards.Queue (Queue.java:67) - JackSPADES
INFO  | 2022-09-30 22:47:08 | [main] deckofcards.Queue (Queue.java:67) - 8CLUBS
INFO  | 2022-09-30 22:47:08 | [main] deckofcards.Queue (Queue.java:67) - 10HEARTS
INFO  | 2022-09-30 22:47:08 | [main] deckofcards.Queue (Queue.java:67) - 9CLUBS
INFO  | 2022-09-30 22:47:08 | [main] deckofcards.Queue (Queue.java:61) - Player cards are as follows:
INFO  | 2022-09-30 22:47:08 | [main] deckofcards.Queue (Queue.java:67) - 2CLUBS
INFO  | 2022-09-30 22:47:08 | [main] deckofcards.Queue (Queue.java:67) - KingHEARTS
INFO  | 2022-09-30 22:47:08 | [main] deckofcards.Queue (Queue.java:67) - 2DIAMOND
INFO  | 2022-09-30 22:47:08 | [main] deckofcards.Queue (Queue.java:67) - JackHEARTS
INFO  | 2022-09-30 22:47:08 | [main] deckofcards.Queue (Queue.java:67) - 3CLUBS
INFO  | 2022-09-30 22:47:08 | [main] deckofcards.Queue (Queue.java:67) - 8HEARTS
INFO  | 2022-09-30 22:47:08 | [main] deckofcards.Queue (Queue.java:67) - 7DIAMOND
INFO  | 2022-09-30 22:47:08 | [main] deckofcards.Queue (Queue.java:67) - AceHEARTS
INFO  | 2022-09-30 22:47:08 | [main] deckofcards.Queue (Queue.java:67) - 6DIAMOND
INFO  | 2022-09-30 22:47:08 | [main] deckofcards.Queue (Queue.java:61) - Player cards are as follows:
INFO  | 2022-09-30 22:47:08 | [main] deckofcards.Queue (Queue.java:67) - 5CLUBS
INFO  | 2022-09-30 22:47:08 | [main] deckofcards.Queue (Queue.java:67) - AceSPADES
INFO  | 2022-09-30 22:47:08 | [main] deckofcards.Queue (Queue.java:67) - AceCLUBS
INFO  | 2022-09-30 22:47:08 | [main] deckofcards.Queue (Queue.java:67) - 10SPADES
INFO  | 2022-09-30 22:47:08 | [main] deckofcards.Queue (Queue.java:67) - 9HEARTS
INFO  | 2022-09-30 22:47:08 | [main] deckofcards.Queue (Queue.java:67) - 4HEARTS
INFO  | 2022-09-30 22:47:08 | [main] deckofcards.Queue (Queue.java:67) - 4SPADES
INFO  | 2022-09-30 22:47:08 | [main] deckofcards.Queue (Queue.java:67) - 3SPADES
INFO  | 2022-09-30 22:47:08 | [main] deckofcards.Queue (Queue.java:67) - QueenHEARTS
